10:19:23.223 [JettyServerThreadPool-24] ERROR app.controllers.CountryController - 400 For input string: "top-population" 
10:19:23.226 [JettyServerThreadPool-24] ERROR app.controllers.ExceptionController - 200 For input string: "top-population"
10:20:08.028 [JettyServerThreadPool-22] ERROR app.controllers.CountryController - 400 For input string: "toppopulation" 
10:20:08.029 [JettyServerThreadPool-22] ERROR app.controllers.ExceptionController - 200 For input string: "toppopulation"
10:39:49.402 [JettyServerThreadPool-28] ERROR app.controllers.CountryController - 400 For input string: "top-population" 
10:39:49.404 [JettyServerThreadPool-28] ERROR app.controllers.ExceptionController - 200 For input string: "top-population"
10:40:12.645 [JettyServerThreadPool-28] ERROR app.controllers.CountryController - 400 For input string: "top-population" 
10:40:12.647 [JettyServerThreadPool-28] ERROR app.controllers.ExceptionController - 200 For input string: "top-population"
10:41:32.635 [JettyServerThreadPool-21] ERROR app.controllers.CountryController - 400 For input string: "top-population" 
10:41:32.636 [JettyServerThreadPool-21] ERROR app.controllers.ExceptionController - 200 For input string: "top-population"
10:54:03.188 [JettyServerThreadPool-26] ERROR app.controllers.CountryController - 400 For input string: "lowest-highest" 
10:54:03.190 [JettyServerThreadPool-26] ERROR app.controllers.ExceptionController - 200 For input string: "lowest-highest"
10:54:09.014 [JettyServerThreadPool-22] ERROR app.controllers.CountryController - 400 For input string: "top-highest" 
10:54:09.014 [JettyServerThreadPool-22] ERROR app.controllers.ExceptionController - 200 For input string: "top-highest"
10:54:35.340 [JettyServerThreadPool-22] ERROR app.controllers.CountryController - 400 For input string: "low-population" 
10:54:35.340 [JettyServerThreadPool-22] ERROR app.controllers.ExceptionController - 200 For input string: "low-population"
11:14:06.316 [JettyServerThreadPool-28] ERROR app.controllers.CountryController - 400 'drivingSide' is not a valid path-param for '/countries/car/drivingside/{drivingside}'. 
11:14:06.317 [JettyServerThreadPool-28] ERROR app.controllers.ExceptionController - 200 'drivingSide' is not a valid path-param for '/countries/car/drivingside/{drivingside}'.
12:43:03.861 [JettyServerThreadPool-46] ERROR app.controllers.CountryController - 400 Cannot invoke "app.dtos.NameDTO.getCommon()" because the return value of "app.dtos.CountryDTO.getName()" is null 
12:43:03.863 [JettyServerThreadPool-46] ERROR app.controllers.ExceptionController - 200 Cannot invoke "app.dtos.NameDTO.getCommon()" because the return value of "app.dtos.CountryDTO.getName()" is null
11:48:16.668 [JettyServerThreadPool-21] ERROR a.c.MockUp.DoctorMockController - 500 - No enum constant app.entities.Speciality.Dermatology
java.lang.IllegalArgumentException: No enum constant app.entities.Speciality.Dermatology
	at java.base/java.lang.Enum.valueOf(Enum.java:273)
	at app.entities.Speciality.valueOf(Speciality.java:3)
	at app.controllers.MockUp.DoctorMockController.getBySpeciality(DoctorMockController.java:60)
	at io.javalin.router.Endpoint.handle(Endpoint.kt:52)
	at io.javalin.router.ParsedEndpoint.handle(ParsedEndpoint.kt:15)
	at io.javalin.http.servlet.DefaultTasks.HTTP$lambda$9$lambda$7$lambda$6(DefaultTasks.kt:52)
	at io.javalin.http.servlet.JavalinServlet.handleTask(JavalinServlet.kt:99)
	at io.javalin.http.servlet.JavalinServlet.handleSync(JavalinServlet.kt:64)
	at io.javalin.http.servlet.JavalinServlet.handle(JavalinServlet.kt:50)
	at io.javalin.http.servlet.JavalinServlet.service(JavalinServlet.kt:30)
	at jakarta.servlet.http.HttpServlet.service(HttpServlet.java:587)
	at io.javalin.jetty.JavalinJettyServlet.service(JavalinJettyServlet.kt:52)
	at jakarta.servlet.http.HttpServlet.service(HttpServlet.java:587)
	at org.eclipse.jetty.servlet.ServletHolder.handle(ServletHolder.java:764)
	at org.eclipse.jetty.servlet.ServletHandler.doHandle(ServletHandler.java:529)
	at org.eclipse.jetty.server.handler.ScopedHandler.nextHandle(ScopedHandler.java:221)
	at org.eclipse.jetty.server.session.SessionHandler.doHandle(SessionHandler.java:1580)
	at org.eclipse.jetty.server.handler.ScopedHandler.nextHandle(ScopedHandler.java:221)
	at org.eclipse.jetty.server.handler.ContextHandler.doHandle(ContextHandler.java:1381)
	at org.eclipse.jetty.server.handler.ScopedHandler.nextScope(ScopedHandler.java:176)
	at org.eclipse.jetty.servlet.ServletHandler.doScope(ServletHandler.java:484)
	at org.eclipse.jetty.server.session.SessionHandler.doScope(SessionHandler.java:1553)
	at org.eclipse.jetty.server.handler.ScopedHandler.nextScope(ScopedHandler.java:174)
	at org.eclipse.jetty.server.handler.ContextHandler.doScope(ContextHandler.java:1303)
	at org.eclipse.jetty.server.handler.ScopedHandler.handle(ScopedHandler.java:129)
	at org.eclipse.jetty.server.handler.StatisticsHandler.handle(StatisticsHandler.java:173)
	at org.eclipse.jetty.server.handler.HandlerWrapper.handle(HandlerWrapper.java:122)
	at org.eclipse.jetty.server.Server.handle(Server.java:563)
	at org.eclipse.jetty.server.HttpChannel$RequestDispatchable.dispatch(HttpChannel.java:1598)
	at org.eclipse.jetty.server.HttpChannel.dispatch(HttpChannel.java:753)
	at org.eclipse.jetty.server.HttpChannel.handle(HttpChannel.java:501)
	at org.eclipse.jetty.server.HttpConnection.onFillable(HttpConnection.java:287)
	at org.eclipse.jetty.io.AbstractConnection$ReadCallback.succeeded(AbstractConnection.java:314)
	at org.eclipse.jetty.io.FillInterest.fillable(FillInterest.java:100)
	at org.eclipse.jetty.io.SelectableChannelEndPoint$1.run(SelectableChannelEndPoint.java:53)
	at org.eclipse.jetty.util.thread.strategy.AdaptiveExecutionStrategy.runTask(AdaptiveExecutionStrategy.java:421)
	at org.eclipse.jetty.util.thread.strategy.AdaptiveExecutionStrategy.consumeTask(AdaptiveExecutionStrategy.java:390)
	at org.eclipse.jetty.util.thread.strategy.AdaptiveExecutionStrategy.tryProduce(AdaptiveExecutionStrategy.java:277)
	at org.eclipse.jetty.util.thread.strategy.AdaptiveExecutionStrategy.produce(AdaptiveExecutionStrategy.java:193)
	at org.eclipse.jetty.util.thread.QueuedThreadPool.runJob(QueuedThreadPool.java:969)
	at org.eclipse.jetty.util.thread.QueuedThreadPool$Runner.doRunJob(QueuedThreadPool.java:1194)
	at org.eclipse.jetty.util.thread.QueuedThreadPool$Runner.run(QueuedThreadPool.java:1149)
	at java.base/java.lang.Thread.run(Thread.java:840)
12:00:16.662 [JettyServerThreadPool-26] ERROR a.c.MockUp.DoctorMockController - 500 - Java 8 date/time type `java.time.LocalDate` not supported by default: add Module "com.fasterxml.jackson.datatype:jackson-datatype-jsr310" to enable handling
 at [Source: REDACTED (`StreamReadFeature.INCLUDE_SOURCE_IN_LOCATION` disabled); line: 4, column: 16] (through reference chain: app.dtos.DoctorDTO["birthDate"])
com.fasterxml.jackson.databind.exc.InvalidDefinitionException: Java 8 date/time type `java.time.LocalDate` not supported by default: add Module "com.fasterxml.jackson.datatype:jackson-datatype-jsr310" to enable handling
 at [Source: REDACTED (`StreamReadFeature.INCLUDE_SOURCE_IN_LOCATION` disabled); line: 4, column: 16] (through reference chain: app.dtos.DoctorDTO["birthDate"])
	at com.fasterxml.jackson.databind.exc.InvalidDefinitionException.from(InvalidDefinitionException.java:67)
	at com.fasterxml.jackson.databind.DeserializationContext.reportBadDefinition(DeserializationContext.java:1887)
	at com.fasterxml.jackson.databind.deser.impl.UnsupportedTypeDeserializer.deserialize(UnsupportedTypeDeserializer.java:48)
	at com.fasterxml.jackson.databind.deser.impl.MethodProperty.deserializeAndSet(MethodProperty.java:129)
	at com.fasterxml.jackson.databind.deser.BeanDeserializer.vanillaDeserialize(BeanDeserializer.java:310)
	at com.fasterxml.jackson.databind.deser.BeanDeserializer.deserialize(BeanDeserializer.java:177)
	at com.fasterxml.jackson.databind.deser.DefaultDeserializationContext.readRootValue(DefaultDeserializationContext.java:342)
	at com.fasterxml.jackson.databind.ObjectMapper._readMapAndClose(ObjectMapper.java:4905)
	at com.fasterxml.jackson.databind.ObjectMapper.readValue(ObjectMapper.java:3848)
	at com.fasterxml.jackson.databind.ObjectMapper.readValue(ObjectMapper.java:3816)
	at app.controllers.MockUp.DoctorMockController.createDoctor(DoctorMockController.java:93)
	at io.javalin.router.Endpoint.handle(Endpoint.kt:52)
	at io.javalin.router.ParsedEndpoint.handle(ParsedEndpoint.kt:15)
	at io.javalin.http.servlet.DefaultTasks.HTTP$lambda$9$lambda$7$lambda$6(DefaultTasks.kt:52)
	at io.javalin.http.servlet.JavalinServlet.handleTask(JavalinServlet.kt:99)
	at io.javalin.http.servlet.JavalinServlet.handleSync(JavalinServlet.kt:64)
	at io.javalin.http.servlet.JavalinServlet.handle(JavalinServlet.kt:50)
	at io.javalin.http.servlet.JavalinServlet.service(JavalinServlet.kt:30)
	at jakarta.servlet.http.HttpServlet.service(HttpServlet.java:587)
	at io.javalin.jetty.JavalinJettyServlet.service(JavalinJettyServlet.kt:52)
	at jakarta.servlet.http.HttpServlet.service(HttpServlet.java:587)
	at org.eclipse.jetty.servlet.ServletHolder.handle(ServletHolder.java:764)
	at org.eclipse.jetty.servlet.ServletHandler.doHandle(ServletHandler.java:529)
	at org.eclipse.jetty.server.handler.ScopedHandler.nextHandle(ScopedHandler.java:221)
	at org.eclipse.jetty.server.session.SessionHandler.doHandle(SessionHandler.java:1580)
	at org.eclipse.jetty.server.handler.ScopedHandler.nextHandle(ScopedHandler.java:221)
	at org.eclipse.jetty.server.handler.ContextHandler.doHandle(ContextHandler.java:1381)
	at org.eclipse.jetty.server.handler.ScopedHandler.nextScope(ScopedHandler.java:176)
	at org.eclipse.jetty.servlet.ServletHandler.doScope(ServletHandler.java:484)
	at org.eclipse.jetty.server.session.SessionHandler.doScope(SessionHandler.java:1553)
	at org.eclipse.jetty.server.handler.ScopedHandler.nextScope(ScopedHandler.java:174)
	at org.eclipse.jetty.server.handler.ContextHandler.doScope(ContextHandler.java:1303)
	at org.eclipse.jetty.server.handler.ScopedHandler.handle(ScopedHandler.java:129)
	at org.eclipse.jetty.server.handler.StatisticsHandler.handle(StatisticsHandler.java:173)
	at org.eclipse.jetty.server.handler.HandlerWrapper.handle(HandlerWrapper.java:122)
	at org.eclipse.jetty.server.Server.handle(Server.java:563)
	at org.eclipse.jetty.server.HttpChannel$RequestDispatchable.dispatch(HttpChannel.java:1598)
	at org.eclipse.jetty.server.HttpChannel.dispatch(HttpChannel.java:753)
	at org.eclipse.jetty.server.HttpChannel.handle(HttpChannel.java:501)
	at org.eclipse.jetty.server.HttpConnection.onFillable(HttpConnection.java:287)
	at org.eclipse.jetty.io.AbstractConnection$ReadCallback.succeeded(AbstractConnection.java:314)
	at org.eclipse.jetty.io.FillInterest.fillable(FillInterest.java:100)
	at org.eclipse.jetty.io.SelectableChannelEndPoint$1.run(SelectableChannelEndPoint.java:53)
	at org.eclipse.jetty.util.thread.strategy.AdaptiveExecutionStrategy.runTask(AdaptiveExecutionStrategy.java:421)
	at org.eclipse.jetty.util.thread.strategy.AdaptiveExecutionStrategy.consumeTask(AdaptiveExecutionStrategy.java:390)
	at org.eclipse.jetty.util.thread.strategy.AdaptiveExecutionStrategy.tryProduce(AdaptiveExecutionStrategy.java:277)
	at org.eclipse.jetty.util.thread.strategy.AdaptiveExecutionStrategy.run(AdaptiveExecutionStrategy.java:199)
	at org.eclipse.jetty.util.thread.ReservedThreadExecutor$ReservedThread.run(ReservedThreadExecutor.java:411)
	at org.eclipse.jetty.util.thread.QueuedThreadPool.runJob(QueuedThreadPool.java:969)
	at org.eclipse.jetty.util.thread.QueuedThreadPool$Runner.doRunJob(QueuedThreadPool.java:1194)
	at org.eclipse.jetty.util.thread.QueuedThreadPool$Runner.run(QueuedThreadPool.java:1149)
	at java.base/java.lang.Thread.run(Thread.java:840)
12:08:34.023 [JettyServerThreadPool-27] ERROR a.c.MockUp.DoctorMockController - 500 - Doctor not found with ID: 6
java.lang.RuntimeException: Doctor not found with ID: 6
	at app.daos.MockUp.DoctorMockDAO.lambda$update$4(DoctorMockDAO.java:79)
	at java.base/java.util.Optional.orElseThrow(Optional.java:403)
	at app.daos.MockUp.DoctorMockDAO.update(DoctorMockDAO.java:79)
	at app.controllers.MockUp.DoctorMockController.update(DoctorMockController.java:113)
	at io.javalin.router.Endpoint.handle(Endpoint.kt:52)
	at io.javalin.router.ParsedEndpoint.handle(ParsedEndpoint.kt:15)
	at io.javalin.http.servlet.DefaultTasks.HTTP$lambda$9$lambda$7$lambda$6(DefaultTasks.kt:52)
	at io.javalin.http.servlet.JavalinServlet.handleTask(JavalinServlet.kt:99)
	at io.javalin.http.servlet.JavalinServlet.handleSync(JavalinServlet.kt:64)
	at io.javalin.http.servlet.JavalinServlet.handle(JavalinServlet.kt:50)
	at io.javalin.http.servlet.JavalinServlet.service(JavalinServlet.kt:30)
	at jakarta.servlet.http.HttpServlet.service(HttpServlet.java:587)
	at io.javalin.jetty.JavalinJettyServlet.service(JavalinJettyServlet.kt:52)
	at jakarta.servlet.http.HttpServlet.service(HttpServlet.java:587)
	at org.eclipse.jetty.servlet.ServletHolder.handle(ServletHolder.java:764)
	at org.eclipse.jetty.servlet.ServletHandler.doHandle(ServletHandler.java:529)
	at org.eclipse.jetty.server.handler.ScopedHandler.nextHandle(ScopedHandler.java:221)
	at org.eclipse.jetty.server.session.SessionHandler.doHandle(SessionHandler.java:1580)
	at org.eclipse.jetty.server.handler.ScopedHandler.nextHandle(ScopedHandler.java:221)
	at org.eclipse.jetty.server.handler.ContextHandler.doHandle(ContextHandler.java:1381)
	at org.eclipse.jetty.server.handler.ScopedHandler.nextScope(ScopedHandler.java:176)
	at org.eclipse.jetty.servlet.ServletHandler.doScope(ServletHandler.java:484)
	at org.eclipse.jetty.server.session.SessionHandler.doScope(SessionHandler.java:1553)
	at org.eclipse.jetty.server.handler.ScopedHandler.nextScope(ScopedHandler.java:174)
	at org.eclipse.jetty.server.handler.ContextHandler.doScope(ContextHandler.java:1303)
	at org.eclipse.jetty.server.handler.ScopedHandler.handle(ScopedHandler.java:129)
	at org.eclipse.jetty.server.handler.StatisticsHandler.handle(StatisticsHandler.java:173)
	at org.eclipse.jetty.server.handler.HandlerWrapper.handle(HandlerWrapper.java:122)
	at org.eclipse.jetty.server.Server.handle(Server.java:563)
	at org.eclipse.jetty.server.HttpChannel$RequestDispatchable.dispatch(HttpChannel.java:1598)
	at org.eclipse.jetty.server.HttpChannel.dispatch(HttpChannel.java:753)
	at org.eclipse.jetty.server.HttpChannel.handle(HttpChannel.java:501)
	at org.eclipse.jetty.server.HttpConnection.onFillable(HttpConnection.java:287)
	at org.eclipse.jetty.io.AbstractConnection$ReadCallback.succeeded(AbstractConnection.java:314)
	at org.eclipse.jetty.io.FillInterest.fillable(FillInterest.java:100)
	at org.eclipse.jetty.io.SelectableChannelEndPoint$1.run(SelectableChannelEndPoint.java:53)
	at org.eclipse.jetty.util.thread.QueuedThreadPool.runJob(QueuedThreadPool.java:969)
	at org.eclipse.jetty.util.thread.QueuedThreadPool$Runner.doRunJob(QueuedThreadPool.java:1194)
	at org.eclipse.jetty.util.thread.QueuedThreadPool$Runner.run(QueuedThreadPool.java:1149)
	at java.base/java.lang.Thread.run(Thread.java:840)
12:08:46.028 [JettyServerThreadPool-23] ERROR a.c.MockUp.DoctorMockController - 500 - Doctor not found with ID: 6
java.lang.RuntimeException: Doctor not found with ID: 6
	at app.daos.MockUp.DoctorMockDAO.lambda$update$4(DoctorMockDAO.java:79)
	at java.base/java.util.Optional.orElseThrow(Optional.java:403)
	at app.daos.MockUp.DoctorMockDAO.update(DoctorMockDAO.java:79)
	at app.controllers.MockUp.DoctorMockController.update(DoctorMockController.java:113)
	at io.javalin.router.Endpoint.handle(Endpoint.kt:52)
	at io.javalin.router.ParsedEndpoint.handle(ParsedEndpoint.kt:15)
	at io.javalin.http.servlet.DefaultTasks.HTTP$lambda$9$lambda$7$lambda$6(DefaultTasks.kt:52)
	at io.javalin.http.servlet.JavalinServlet.handleTask(JavalinServlet.kt:99)
	at io.javalin.http.servlet.JavalinServlet.handleSync(JavalinServlet.kt:64)
	at io.javalin.http.servlet.JavalinServlet.handle(JavalinServlet.kt:50)
	at io.javalin.http.servlet.JavalinServlet.service(JavalinServlet.kt:30)
	at jakarta.servlet.http.HttpServlet.service(HttpServlet.java:587)
	at io.javalin.jetty.JavalinJettyServlet.service(JavalinJettyServlet.kt:52)
	at jakarta.servlet.http.HttpServlet.service(HttpServlet.java:587)
	at org.eclipse.jetty.servlet.ServletHolder.handle(ServletHolder.java:764)
	at org.eclipse.jetty.servlet.ServletHandler.doHandle(ServletHandler.java:529)
	at org.eclipse.jetty.server.handler.ScopedHandler.nextHandle(ScopedHandler.java:221)
	at org.eclipse.jetty.server.session.SessionHandler.doHandle(SessionHandler.java:1580)
	at org.eclipse.jetty.server.handler.ScopedHandler.nextHandle(ScopedHandler.java:221)
	at org.eclipse.jetty.server.handler.ContextHandler.doHandle(ContextHandler.java:1381)
	at org.eclipse.jetty.server.handler.ScopedHandler.nextScope(ScopedHandler.java:176)
	at org.eclipse.jetty.servlet.ServletHandler.doScope(ServletHandler.java:484)
	at org.eclipse.jetty.server.session.SessionHandler.doScope(SessionHandler.java:1553)
	at org.eclipse.jetty.server.handler.ScopedHandler.nextScope(ScopedHandler.java:174)
	at org.eclipse.jetty.server.handler.ContextHandler.doScope(ContextHandler.java:1303)
	at org.eclipse.jetty.server.handler.ScopedHandler.handle(ScopedHandler.java:129)
	at org.eclipse.jetty.server.handler.StatisticsHandler.handle(StatisticsHandler.java:173)
	at org.eclipse.jetty.server.handler.HandlerWrapper.handle(HandlerWrapper.java:122)
	at org.eclipse.jetty.server.Server.handle(Server.java:563)
	at org.eclipse.jetty.server.HttpChannel$RequestDispatchable.dispatch(HttpChannel.java:1598)
	at org.eclipse.jetty.server.HttpChannel.dispatch(HttpChannel.java:753)
	at org.eclipse.jetty.server.HttpChannel.handle(HttpChannel.java:501)
	at org.eclipse.jetty.server.HttpConnection.onFillable(HttpConnection.java:287)
	at org.eclipse.jetty.io.AbstractConnection$ReadCallback.succeeded(AbstractConnection.java:314)
	at org.eclipse.jetty.io.FillInterest.fillable(FillInterest.java:100)
	at org.eclipse.jetty.io.SelectableChannelEndPoint$1.run(SelectableChannelEndPoint.java:53)
	at org.eclipse.jetty.util.thread.strategy.AdaptiveExecutionStrategy.runTask(AdaptiveExecutionStrategy.java:421)
	at org.eclipse.jetty.util.thread.strategy.AdaptiveExecutionStrategy.consumeTask(AdaptiveExecutionStrategy.java:390)
	at org.eclipse.jetty.util.thread.strategy.AdaptiveExecutionStrategy.tryProduce(AdaptiveExecutionStrategy.java:277)
	at org.eclipse.jetty.util.thread.strategy.AdaptiveExecutionStrategy.produce(AdaptiveExecutionStrategy.java:193)
	at org.eclipse.jetty.util.thread.QueuedThreadPool.runJob(QueuedThreadPool.java:969)
	at org.eclipse.jetty.util.thread.QueuedThreadPool$Runner.doRunJob(QueuedThreadPool.java:1194)
	at org.eclipse.jetty.util.thread.QueuedThreadPool$Runner.run(QueuedThreadPool.java:1149)
	at java.base/java.lang.Thread.run(Thread.java:840)
12:08:51.533 [JettyServerThreadPool-24] ERROR a.c.MockUp.DoctorMockController - 500 - Doctor not found with ID: 6
java.lang.RuntimeException: Doctor not found with ID: 6
	at app.daos.MockUp.DoctorMockDAO.lambda$update$4(DoctorMockDAO.java:79)
	at java.base/java.util.Optional.orElseThrow(Optional.java:403)
	at app.daos.MockUp.DoctorMockDAO.update(DoctorMockDAO.java:79)
	at app.controllers.MockUp.DoctorMockController.update(DoctorMockController.java:113)
	at io.javalin.router.Endpoint.handle(Endpoint.kt:52)
	at io.javalin.router.ParsedEndpoint.handle(ParsedEndpoint.kt:15)
	at io.javalin.http.servlet.DefaultTasks.HTTP$lambda$9$lambda$7$lambda$6(DefaultTasks.kt:52)
	at io.javalin.http.servlet.JavalinServlet.handleTask(JavalinServlet.kt:99)
	at io.javalin.http.servlet.JavalinServlet.handleSync(JavalinServlet.kt:64)
	at io.javalin.http.servlet.JavalinServlet.handle(JavalinServlet.kt:50)
	at io.javalin.http.servlet.JavalinServlet.service(JavalinServlet.kt:30)
	at jakarta.servlet.http.HttpServlet.service(HttpServlet.java:587)
	at io.javalin.jetty.JavalinJettyServlet.service(JavalinJettyServlet.kt:52)
	at jakarta.servlet.http.HttpServlet.service(HttpServlet.java:587)
	at org.eclipse.jetty.servlet.ServletHolder.handle(ServletHolder.java:764)
	at org.eclipse.jetty.servlet.ServletHandler.doHandle(ServletHandler.java:529)
	at org.eclipse.jetty.server.handler.ScopedHandler.nextHandle(ScopedHandler.java:221)
	at org.eclipse.jetty.server.session.SessionHandler.doHandle(SessionHandler.java:1580)
	at org.eclipse.jetty.server.handler.ScopedHandler.nextHandle(ScopedHandler.java:221)
	at org.eclipse.jetty.server.handler.ContextHandler.doHandle(ContextHandler.java:1381)
	at org.eclipse.jetty.server.handler.ScopedHandler.nextScope(ScopedHandler.java:176)
	at org.eclipse.jetty.servlet.ServletHandler.doScope(ServletHandler.java:484)
	at org.eclipse.jetty.server.session.SessionHandler.doScope(SessionHandler.java:1553)
	at org.eclipse.jetty.server.handler.ScopedHandler.nextScope(ScopedHandler.java:174)
	at org.eclipse.jetty.server.handler.ContextHandler.doScope(ContextHandler.java:1303)
	at org.eclipse.jetty.server.handler.ScopedHandler.handle(ScopedHandler.java:129)
	at org.eclipse.jetty.server.handler.StatisticsHandler.handle(StatisticsHandler.java:173)
	at org.eclipse.jetty.server.handler.HandlerWrapper.handle(HandlerWrapper.java:122)
	at org.eclipse.jetty.server.Server.handle(Server.java:563)
	at org.eclipse.jetty.server.HttpChannel$RequestDispatchable.dispatch(HttpChannel.java:1598)
	at org.eclipse.jetty.server.HttpChannel.dispatch(HttpChannel.java:753)
	at org.eclipse.jetty.server.HttpChannel.handle(HttpChannel.java:501)
	at org.eclipse.jetty.server.HttpConnection.onFillable(HttpConnection.java:287)
	at org.eclipse.jetty.io.AbstractConnection$ReadCallback.succeeded(AbstractConnection.java:314)
	at org.eclipse.jetty.io.FillInterest.fillable(FillInterest.java:100)
	at org.eclipse.jetty.io.SelectableChannelEndPoint$1.run(SelectableChannelEndPoint.java:53)
	at org.eclipse.jetty.util.thread.strategy.AdaptiveExecutionStrategy.runTask(AdaptiveExecutionStrategy.java:421)
	at org.eclipse.jetty.util.thread.strategy.AdaptiveExecutionStrategy.consumeTask(AdaptiveExecutionStrategy.java:390)
	at org.eclipse.jetty.util.thread.strategy.AdaptiveExecutionStrategy.tryProduce(AdaptiveExecutionStrategy.java:277)
	at org.eclipse.jetty.util.thread.strategy.AdaptiveExecutionStrategy.produce(AdaptiveExecutionStrategy.java:193)
	at org.eclipse.jetty.util.thread.QueuedThreadPool.runJob(QueuedThreadPool.java:969)
	at org.eclipse.jetty.util.thread.QueuedThreadPool$Runner.doRunJob(QueuedThreadPool.java:1194)
	at org.eclipse.jetty.util.thread.QueuedThreadPool$Runner.run(QueuedThreadPool.java:1149)
	at java.base/java.lang.Thread.run(Thread.java:840)
12:09:05.811 [JettyServerThreadPool-28] ERROR a.c.MockUp.DoctorMockController - 500 - Doctor not found with ID: 6
java.lang.RuntimeException: Doctor not found with ID: 6
	at app.daos.MockUp.DoctorMockDAO.lambda$update$4(DoctorMockDAO.java:79)
	at java.base/java.util.Optional.orElseThrow(Optional.java:403)
	at app.daos.MockUp.DoctorMockDAO.update(DoctorMockDAO.java:79)
	at app.controllers.MockUp.DoctorMockController.update(DoctorMockController.java:113)
	at io.javalin.router.Endpoint.handle(Endpoint.kt:52)
	at io.javalin.router.ParsedEndpoint.handle(ParsedEndpoint.kt:15)
	at io.javalin.http.servlet.DefaultTasks.HTTP$lambda$9$lambda$7$lambda$6(DefaultTasks.kt:52)
	at io.javalin.http.servlet.JavalinServlet.handleTask(JavalinServlet.kt:99)
	at io.javalin.http.servlet.JavalinServlet.handleSync(JavalinServlet.kt:64)
	at io.javalin.http.servlet.JavalinServlet.handle(JavalinServlet.kt:50)
	at io.javalin.http.servlet.JavalinServlet.service(JavalinServlet.kt:30)
	at jakarta.servlet.http.HttpServlet.service(HttpServlet.java:587)
	at io.javalin.jetty.JavalinJettyServlet.service(JavalinJettyServlet.kt:52)
	at jakarta.servlet.http.HttpServlet.service(HttpServlet.java:587)
	at org.eclipse.jetty.servlet.ServletHolder.handle(ServletHolder.java:764)
	at org.eclipse.jetty.servlet.ServletHandler.doHandle(ServletHandler.java:529)
	at org.eclipse.jetty.server.handler.ScopedHandler.nextHandle(ScopedHandler.java:221)
	at org.eclipse.jetty.server.session.SessionHandler.doHandle(SessionHandler.java:1580)
	at org.eclipse.jetty.server.handler.ScopedHandler.nextHandle(ScopedHandler.java:221)
	at org.eclipse.jetty.server.handler.ContextHandler.doHandle(ContextHandler.java:1381)
	at org.eclipse.jetty.server.handler.ScopedHandler.nextScope(ScopedHandler.java:176)
	at org.eclipse.jetty.servlet.ServletHandler.doScope(ServletHandler.java:484)
	at org.eclipse.jetty.server.session.SessionHandler.doScope(SessionHandler.java:1553)
	at org.eclipse.jetty.server.handler.ScopedHandler.nextScope(ScopedHandler.java:174)
	at org.eclipse.jetty.server.handler.ContextHandler.doScope(ContextHandler.java:1303)
	at org.eclipse.jetty.server.handler.ScopedHandler.handle(ScopedHandler.java:129)
	at org.eclipse.jetty.server.handler.StatisticsHandler.handle(StatisticsHandler.java:173)
	at org.eclipse.jetty.server.handler.HandlerWrapper.handle(HandlerWrapper.java:122)
	at org.eclipse.jetty.server.Server.handle(Server.java:563)
	at org.eclipse.jetty.server.HttpChannel$RequestDispatchable.dispatch(HttpChannel.java:1598)
	at org.eclipse.jetty.server.HttpChannel.dispatch(HttpChannel.java:753)
	at org.eclipse.jetty.server.HttpChannel.handle(HttpChannel.java:501)
	at org.eclipse.jetty.server.HttpConnection.onFillable(HttpConnection.java:287)
	at org.eclipse.jetty.io.AbstractConnection$ReadCallback.succeeded(AbstractConnection.java:314)
	at org.eclipse.jetty.io.FillInterest.fillable(FillInterest.java:100)
	at org.eclipse.jetty.io.SelectableChannelEndPoint$1.run(SelectableChannelEndPoint.java:53)
	at org.eclipse.jetty.util.thread.QueuedThreadPool.runJob(QueuedThreadPool.java:969)
	at org.eclipse.jetty.util.thread.QueuedThreadPool$Runner.doRunJob(QueuedThreadPool.java:1194)
	at org.eclipse.jetty.util.thread.QueuedThreadPool$Runner.run(QueuedThreadPool.java:1149)
	at java.base/java.lang.Thread.run(Thread.java:840)
12:09:15.489 [JettyServerThreadPool-22] ERROR a.c.MockUp.DoctorMockController - 500 - Doctor not found with ID: 6
java.lang.RuntimeException: Doctor not found with ID: 6
	at app.daos.MockUp.DoctorMockDAO.lambda$update$4(DoctorMockDAO.java:79)
	at java.base/java.util.Optional.orElseThrow(Optional.java:403)
	at app.daos.MockUp.DoctorMockDAO.update(DoctorMockDAO.java:79)
	at app.controllers.MockUp.DoctorMockController.update(DoctorMockController.java:113)
	at io.javalin.router.Endpoint.handle(Endpoint.kt:52)
	at io.javalin.router.ParsedEndpoint.handle(ParsedEndpoint.kt:15)
	at io.javalin.http.servlet.DefaultTasks.HTTP$lambda$9$lambda$7$lambda$6(DefaultTasks.kt:52)
	at io.javalin.http.servlet.JavalinServlet.handleTask(JavalinServlet.kt:99)
	at io.javalin.http.servlet.JavalinServlet.handleSync(JavalinServlet.kt:64)
	at io.javalin.http.servlet.JavalinServlet.handle(JavalinServlet.kt:50)
	at io.javalin.http.servlet.JavalinServlet.service(JavalinServlet.kt:30)
	at jakarta.servlet.http.HttpServlet.service(HttpServlet.java:587)
	at io.javalin.jetty.JavalinJettyServlet.service(JavalinJettyServlet.kt:52)
	at jakarta.servlet.http.HttpServlet.service(HttpServlet.java:587)
	at org.eclipse.jetty.servlet.ServletHolder.handle(ServletHolder.java:764)
	at org.eclipse.jetty.servlet.ServletHandler.doHandle(ServletHandler.java:529)
	at org.eclipse.jetty.server.handler.ScopedHandler.nextHandle(ScopedHandler.java:221)
	at org.eclipse.jetty.server.session.SessionHandler.doHandle(SessionHandler.java:1580)
	at org.eclipse.jetty.server.handler.ScopedHandler.nextHandle(ScopedHandler.java:221)
	at org.eclipse.jetty.server.handler.ContextHandler.doHandle(ContextHandler.java:1381)
	at org.eclipse.jetty.server.handler.ScopedHandler.nextScope(ScopedHandler.java:176)
	at org.eclipse.jetty.servlet.ServletHandler.doScope(ServletHandler.java:484)
	at org.eclipse.jetty.server.session.SessionHandler.doScope(SessionHandler.java:1553)
	at org.eclipse.jetty.server.handler.ScopedHandler.nextScope(ScopedHandler.java:174)
	at org.eclipse.jetty.server.handler.ContextHandler.doScope(ContextHandler.java:1303)
	at org.eclipse.jetty.server.handler.ScopedHandler.handle(ScopedHandler.java:129)
	at org.eclipse.jetty.server.handler.StatisticsHandler.handle(StatisticsHandler.java:173)
	at org.eclipse.jetty.server.handler.HandlerWrapper.handle(HandlerWrapper.java:122)
	at org.eclipse.jetty.server.Server.handle(Server.java:563)
	at org.eclipse.jetty.server.HttpChannel$RequestDispatchable.dispatch(HttpChannel.java:1598)
	at org.eclipse.jetty.server.HttpChannel.dispatch(HttpChannel.java:753)
	at org.eclipse.jetty.server.HttpChannel.handle(HttpChannel.java:501)
	at org.eclipse.jetty.server.HttpConnection.onFillable(HttpConnection.java:287)
	at org.eclipse.jetty.io.AbstractConnection$ReadCallback.succeeded(AbstractConnection.java:314)
	at org.eclipse.jetty.io.FillInterest.fillable(FillInterest.java:100)
	at org.eclipse.jetty.io.SelectableChannelEndPoint$1.run(SelectableChannelEndPoint.java:53)
	at org.eclipse.jetty.util.thread.strategy.AdaptiveExecutionStrategy.runTask(AdaptiveExecutionStrategy.java:421)
	at org.eclipse.jetty.util.thread.strategy.AdaptiveExecutionStrategy.consumeTask(AdaptiveExecutionStrategy.java:390)
	at org.eclipse.jetty.util.thread.strategy.AdaptiveExecutionStrategy.tryProduce(AdaptiveExecutionStrategy.java:277)
	at org.eclipse.jetty.util.thread.strategy.AdaptiveExecutionStrategy.produce(AdaptiveExecutionStrategy.java:193)
	at org.eclipse.jetty.util.thread.QueuedThreadPool.runJob(QueuedThreadPool.java:969)
	at org.eclipse.jetty.util.thread.QueuedThreadPool$Runner.doRunJob(QueuedThreadPool.java:1194)
	at org.eclipse.jetty.util.thread.QueuedThreadPool$Runner.run(QueuedThreadPool.java:1149)
	at java.base/java.lang.Thread.run(Thread.java:840)
12:18:13.958 [JettyServerThreadPool-28] ERROR a.c.MockUp.DoctorMockController - 500 - Doctor not found with ID: 7
java.lang.RuntimeException: Doctor not found with ID: 7
	at app.daos.MockUp.DoctorMockDAO.lambda$update$4(DoctorMockDAO.java:79)
	at java.base/java.util.Optional.orElseThrow(Optional.java:403)
	at app.daos.MockUp.DoctorMockDAO.update(DoctorMockDAO.java:79)
	at app.controllers.MockUp.DoctorMockController.update(DoctorMockController.java:113)
	at io.javalin.router.Endpoint.handle(Endpoint.kt:52)
	at io.javalin.router.ParsedEndpoint.handle(ParsedEndpoint.kt:15)
	at io.javalin.http.servlet.DefaultTasks.HTTP$lambda$9$lambda$7$lambda$6(DefaultTasks.kt:52)
	at io.javalin.http.servlet.JavalinServlet.handleTask(JavalinServlet.kt:99)
	at io.javalin.http.servlet.JavalinServlet.handleSync(JavalinServlet.kt:64)
	at io.javalin.http.servlet.JavalinServlet.handle(JavalinServlet.kt:50)
	at io.javalin.http.servlet.JavalinServlet.service(JavalinServlet.kt:30)
	at jakarta.servlet.http.HttpServlet.service(HttpServlet.java:587)
	at io.javalin.jetty.JavalinJettyServlet.service(JavalinJettyServlet.kt:52)
	at jakarta.servlet.http.HttpServlet.service(HttpServlet.java:587)
	at org.eclipse.jetty.servlet.ServletHolder.handle(ServletHolder.java:764)
	at org.eclipse.jetty.servlet.ServletHandler.doHandle(ServletHandler.java:529)
	at org.eclipse.jetty.server.handler.ScopedHandler.nextHandle(ScopedHandler.java:221)
	at org.eclipse.jetty.server.session.SessionHandler.doHandle(SessionHandler.java:1580)
	at org.eclipse.jetty.server.handler.ScopedHandler.nextHandle(ScopedHandler.java:221)
	at org.eclipse.jetty.server.handler.ContextHandler.doHandle(ContextHandler.java:1381)
	at org.eclipse.jetty.server.handler.ScopedHandler.nextScope(ScopedHandler.java:176)
	at org.eclipse.jetty.servlet.ServletHandler.doScope(ServletHandler.java:484)
	at org.eclipse.jetty.server.session.SessionHandler.doScope(SessionHandler.java:1553)
	at org.eclipse.jetty.server.handler.ScopedHandler.nextScope(ScopedHandler.java:174)
	at org.eclipse.jetty.server.handler.ContextHandler.doScope(ContextHandler.java:1303)
	at org.eclipse.jetty.server.handler.ScopedHandler.handle(ScopedHandler.java:129)
	at org.eclipse.jetty.server.handler.StatisticsHandler.handle(StatisticsHandler.java:173)
	at org.eclipse.jetty.server.handler.HandlerWrapper.handle(HandlerWrapper.java:122)
	at org.eclipse.jetty.server.Server.handle(Server.java:563)
	at org.eclipse.jetty.server.HttpChannel$RequestDispatchable.dispatch(HttpChannel.java:1598)
	at org.eclipse.jetty.server.HttpChannel.dispatch(HttpChannel.java:753)
	at org.eclipse.jetty.server.HttpChannel.handle(HttpChannel.java:501)
	at org.eclipse.jetty.server.HttpConnection.onFillable(HttpConnection.java:287)
	at org.eclipse.jetty.io.AbstractConnection$ReadCallback.succeeded(AbstractConnection.java:314)
	at org.eclipse.jetty.io.FillInterest.fillable(FillInterest.java:100)
	at org.eclipse.jetty.io.SelectableChannelEndPoint$1.run(SelectableChannelEndPoint.java:53)
	at org.eclipse.jetty.util.thread.QueuedThreadPool.runJob(QueuedThreadPool.java:969)
	at org.eclipse.jetty.util.thread.QueuedThreadPool$Runner.doRunJob(QueuedThreadPool.java:1194)
	at org.eclipse.jetty.util.thread.QueuedThreadPool$Runner.run(QueuedThreadPool.java:1149)
	at java.base/java.lang.Thread.run(Thread.java:840)
12:19:56.165 [JettyServerThreadPool-28] ERROR a.c.MockUp.DoctorMockController - 500 - Doctor not found with ID: 7
java.lang.RuntimeException: Doctor not found with ID: 7
	at app.daos.MockUp.DoctorMockDAO.lambda$update$4(DoctorMockDAO.java:79)
	at java.base/java.util.Optional.orElseThrow(Optional.java:403)
	at app.daos.MockUp.DoctorMockDAO.update(DoctorMockDAO.java:79)
	at app.controllers.MockUp.DoctorMockController.update(DoctorMockController.java:113)
	at io.javalin.router.Endpoint.handle(Endpoint.kt:52)
	at io.javalin.router.ParsedEndpoint.handle(ParsedEndpoint.kt:15)
	at io.javalin.http.servlet.DefaultTasks.HTTP$lambda$9$lambda$7$lambda$6(DefaultTasks.kt:52)
	at io.javalin.http.servlet.JavalinServlet.handleTask(JavalinServlet.kt:99)
	at io.javalin.http.servlet.JavalinServlet.handleSync(JavalinServlet.kt:64)
	at io.javalin.http.servlet.JavalinServlet.handle(JavalinServlet.kt:50)
	at io.javalin.http.servlet.JavalinServlet.service(JavalinServlet.kt:30)
	at jakarta.servlet.http.HttpServlet.service(HttpServlet.java:587)
	at io.javalin.jetty.JavalinJettyServlet.service(JavalinJettyServlet.kt:52)
	at jakarta.servlet.http.HttpServlet.service(HttpServlet.java:587)
	at org.eclipse.jetty.servlet.ServletHolder.handle(ServletHolder.java:764)
	at org.eclipse.jetty.servlet.ServletHandler.doHandle(ServletHandler.java:529)
	at org.eclipse.jetty.server.handler.ScopedHandler.nextHandle(ScopedHandler.java:221)
	at org.eclipse.jetty.server.session.SessionHandler.doHandle(SessionHandler.java:1580)
	at org.eclipse.jetty.server.handler.ScopedHandler.nextHandle(ScopedHandler.java:221)
	at org.eclipse.jetty.server.handler.ContextHandler.doHandle(ContextHandler.java:1381)
	at org.eclipse.jetty.server.handler.ScopedHandler.nextScope(ScopedHandler.java:176)
	at org.eclipse.jetty.servlet.ServletHandler.doScope(ServletHandler.java:484)
	at org.eclipse.jetty.server.session.SessionHandler.doScope(SessionHandler.java:1553)
	at org.eclipse.jetty.server.handler.ScopedHandler.nextScope(ScopedHandler.java:174)
	at org.eclipse.jetty.server.handler.ContextHandler.doScope(ContextHandler.java:1303)
	at org.eclipse.jetty.server.handler.ScopedHandler.handle(ScopedHandler.java:129)
	at org.eclipse.jetty.server.handler.StatisticsHandler.handle(StatisticsHandler.java:173)
	at org.eclipse.jetty.server.handler.HandlerWrapper.handle(HandlerWrapper.java:122)
	at org.eclipse.jetty.server.Server.handle(Server.java:563)
	at org.eclipse.jetty.server.HttpChannel$RequestDispatchable.dispatch(HttpChannel.java:1598)
	at org.eclipse.jetty.server.HttpChannel.dispatch(HttpChannel.java:753)
	at org.eclipse.jetty.server.HttpChannel.handle(HttpChannel.java:501)
	at org.eclipse.jetty.server.HttpConnection.onFillable(HttpConnection.java:287)
	at org.eclipse.jetty.io.AbstractConnection$ReadCallback.succeeded(AbstractConnection.java:314)
	at org.eclipse.jetty.io.FillInterest.fillable(FillInterest.java:100)
	at org.eclipse.jetty.io.SelectableChannelEndPoint$1.run(SelectableChannelEndPoint.java:53)
	at org.eclipse.jetty.util.thread.QueuedThreadPool.runJob(QueuedThreadPool.java:969)
	at org.eclipse.jetty.util.thread.QueuedThreadPool$Runner.doRunJob(QueuedThreadPool.java:1194)
	at org.eclipse.jetty.util.thread.QueuedThreadPool$Runner.run(QueuedThreadPool.java:1149)
	at java.base/java.lang.Thread.run(Thread.java:840)
